Determining if the pthread_create exist failed with the following output:
Change Dir: /home/sp/ROS_Gazebo_learning/connect_ROS/build/CMakeFiles/CMakeTmp

Run Build Command:"/usr/bin/make" "cmTC_93e30/fast"
/usr/bin/make -f CMakeFiles/cmTC_93e30.dir/build.make CMakeFiles/cmTC_93e30.dir/build
make[1]: Entering directory '/home/sp/ROS_Gazebo_learning/connect_ROS/build/CMakeFiles/CMakeTmp'
Building C object CMakeFiles/cmTC_93e30.dir/CheckSymbolExists.c.o
/usr/bin/cc     -o CMakeFiles/cmTC_93e30.dir/CheckSymbolExists.c.o   -c /home/sp/ROS_Gazebo_learning/connect_ROS/build/CMakeFiles/CMakeTmp/CheckSymbolExists.c
Linking C executable cmTC_93e30
/usr/bin/cmake -E cmake_link_script CMakeFiles/cmTC_93e30.dir/link.txt --verbose=1
/usr/bin/cc       CMakeFiles/cmTC_93e30.dir/CheckSymbolExists.c.o  -o cmTC_93e30 -rdynamic 
CMakeFiles/cmTC_93e30.dir/CheckSymbolExists.c.o: In function `main':
CheckSymbolExists.c:(.text+0x16): undefined reference to `pthread_create'
collect2: error: ld returned 1 exit status
CMakeFiles/cmTC_93e30.dir/build.make:97: recipe for target 'cmTC_93e30' failed
make[1]: *** [cmTC_93e30] Error 1
make[1]: Leaving directory '/home/sp/ROS_Gazebo_learning/connect_ROS/build/CMakeFiles/CMakeTmp'
Makefile:126: recipe for target 'cmTC_93e30/fast' failed
make: *** [cmTC_93e30/fast] Error 2

File /home/sp/ROS_Gazebo_learning/connect_ROS/build/CMakeFiles/CMakeTmp/CheckSymbolExists.c:
/* */
#include <pthread.h>

int main(int argc, char** argv)
{
  (void)argv;
#ifndef pthread_create
  return ((int*)(&pthread_create))[argc];
#else
  (void)argc;
  return 0;
#endif
}

Determining if the function pthread_create exists in the pthreads failed with the following output:
Change Dir: /home/sp/ROS_Gazebo_learning/connect_ROS/build/CMakeFiles/CMakeTmp

Run Build Command:"/usr/bin/make" "cmTC_8791b/fast"
/usr/bin/make -f CMakeFiles/cmTC_8791b.dir/build.make CMakeFiles/cmTC_8791b.dir/build
make[1]: Entering directory '/home/sp/ROS_Gazebo_learning/connect_ROS/build/CMakeFiles/CMakeTmp'
Building C object CMakeFiles/cmTC_8791b.dir/CheckFunctionExists.c.o
/usr/bin/cc    -DCHECK_FUNCTION_EXISTS=pthread_create   -o CMakeFiles/cmTC_8791b.dir/CheckFunctionExists.c.o   -c /usr/share/cmake-3.5/Modules/CheckFunctionExists.c
Linking C executable cmTC_8791b
/usr/bin/cmake -E cmake_link_script CMakeFiles/cmTC_8791b.dir/link.txt --verbose=1
/usr/bin/cc   -DCHECK_FUNCTION_EXISTS=pthread_create    CMakeFiles/cmTC_8791b.dir/CheckFunctionExists.c.o  -o cmTC_8791b -rdynamic -lpthreads 
/usr/bin/ld: cannot find -lpthreads
collect2: error: ld returned 1 exit status
CMakeFiles/cmTC_8791b.dir/build.make:97: recipe for target 'cmTC_8791b' failed
make[1]: *** [cmTC_8791b] Error 1
make[1]: Leaving directory '/home/sp/ROS_Gazebo_learning/connect_ROS/build/CMakeFiles/CMakeTmp'
Makefile:126: recipe for target 'cmTC_8791b/fast' failed
make: *** [cmTC_8791b/fast] Error 2


